<?xml version="1.0" encoding="UTF-8"?>
<testsuite xmlns:xsi="http://www.w3.org/2001/XMLSchema-instance" xsi:noNamespaceSchemaLocation="https://maven.apache.org/surefire/maven-surefire-plugin/xsd/surefire-test-report-3.0.xsd" version="3.0" name="com.rakbank.demo.DemoApplicationTests" time="10.704" tests="1" errors="0" skipped="0" failures="0">
  <properties>
[...]
</properties>
  <testcase name="contextLoads" classname="com.rakbank.demo.DemoApplicationTests" time="2.989">
    <system-out><![CDATA[13:34:31.067 [main] INFO org.springframework.test.context.support.AnnotationConfigContextLoaderUtils -- Could not detect default configuration classes for test class [com.rakbank.demo.DemoApplicationTests]: DemoApplicationTests does not declare any static, non-private, non-final, nested classes annotated with @Configuration.
13:34:31.576 [main] INFO org.springframework.boot.test.context.SpringBootTestContextBootstrapper -- Found @SpringBootConfiguration com.rakbank.demo.DemoApplication for test class com.rakbank.demo.DemoApplicationTests
13:34:32.044 [main] INFO org.springframework.boot.devtools.restart.RestartApplicationListener -- Restart disabled due to context in which it is running

  .   ____          _            __ _ _
 /\\ / ___'_ __ _ _(_)_ __  __ _ \ \ \ \
( ( )\___ | '_ | '_| | '_ \/ _` | \ \ \ \
 \\/  ___)| |_)| | | | | || (_| |  ) ) ) )
  '  |____| .__|_| |_|_| |_\__, | / / / /
 =========|_|==============|___/=/_/_/_/

 :: Spring Boot ::                (v3.3.1)

2024-07-02T13:34:33.316+05:30  INFO 1076 --- [demo] [           main] com.rakbank.demo.DemoApplicationTests    : Starting DemoApplicationTests using Java 17.0.11 with PID 1076 (started by astitva in /Users/astitva/Downloads/demo)
2024-07-02T13:34:33.319+05:30  INFO 1076 --- [demo] [           main] com.rakbank.demo.DemoApplicationTests    : No active profile set, falling back to 1 default profile: "default"
2024-07-02T13:34:38.130+05:30  INFO 1076 --- [demo] [           main] com.rakbank.demo.DemoApplicationTests    : Started DemoApplicationTests in 6.123 seconds (process running for 10.466)
]]></system-out>
  </testcase>
</testsuite>